mode: set
github.com/CoolCodeTeam/2019_2_CoolCodeMicroServices/messages/repository/message_db_repository.go:14.60,16.16 2 0
github.com/CoolCodeTeam/2019_2_CoolCodeMicroServices/messages/repository/message_db_repository.go:19.2,19.12 1 0
github.com/CoolCodeTeam/2019_2_CoolCodeMicroServices/messages/repository/message_db_repository.go:16.16,18.3 1 0
github.com/CoolCodeTeam/2019_2_CoolCodeMicroServices/messages/repository/message_db_repository.go:21.83,24.16 3 0
github.com/CoolCodeTeam/2019_2_CoolCodeMicroServices/messages/repository/message_db_repository.go:27.2,32.16 3 0
github.com/CoolCodeTeam/2019_2_CoolCodeMicroServices/messages/repository/message_db_repository.go:35.2,35.20 1 0
github.com/CoolCodeTeam/2019_2_CoolCodeMicroServices/messages/repository/message_db_repository.go:24.16,26.3 1 0
github.com/CoolCodeTeam/2019_2_CoolCodeMicroServices/messages/repository/message_db_repository.go:32.16,34.3 1 0
github.com/CoolCodeTeam/2019_2_CoolCodeMicroServices/messages/repository/message_db_repository.go:39.89,45.40 4 0
github.com/CoolCodeTeam/2019_2_CoolCodeMicroServices/messages/repository/message_db_repository.go:49.2,51.31 3 0
github.com/CoolCodeTeam/2019_2_CoolCodeMicroServices/messages/repository/message_db_repository.go:45.40,48.3 1 0
github.com/CoolCodeTeam/2019_2_CoolCodeMicroServices/messages/repository/message_db_repository.go:54.91,57.16 3 0
github.com/CoolCodeTeam/2019_2_CoolCodeMicroServices/messages/repository/message_db_repository.go:61.2,61.18 1 0
github.com/CoolCodeTeam/2019_2_CoolCodeMicroServices/messages/repository/message_db_repository.go:75.2,75.58 1 0
github.com/CoolCodeTeam/2019_2_CoolCodeMicroServices/messages/repository/message_db_repository.go:57.16,60.3 1 0
github.com/CoolCodeTeam/2019_2_CoolCodeMicroServices/messages/repository/message_db_repository.go:61.18,69.17 6 0
github.com/CoolCodeTeam/2019_2_CoolCodeMicroServices/messages/repository/message_db_repository.go:73.3,73.58 1 0
github.com/CoolCodeTeam/2019_2_CoolCodeMicroServices/messages/repository/message_db_repository.go:69.17,72.4 1 0
github.com/CoolCodeTeam/2019_2_CoolCodeMicroServices/messages/repository/message_db_repository.go:78.69,80.16 2 0
github.com/CoolCodeTeam/2019_2_CoolCodeMicroServices/messages/repository/message_db_repository.go:84.2,84.12 1 0
github.com/CoolCodeTeam/2019_2_CoolCodeMicroServices/messages/repository/message_db_repository.go:80.16,83.3 1 0
github.com/CoolCodeTeam/2019_2_CoolCodeMicroServices/messages/repository/message_db_repository.go:87.76,89.16 2 0
github.com/CoolCodeTeam/2019_2_CoolCodeMicroServices/messages/repository/message_db_repository.go:93.2,93.12 1 0
github.com/CoolCodeTeam/2019_2_CoolCodeMicroServices/messages/repository/message_db_repository.go:89.16,92.3 1 0
github.com/CoolCodeTeam/2019_2_CoolCodeMicroServices/messages/repository/message_db_repository.go:96.76,98.16 2 0
github.com/CoolCodeTeam/2019_2_CoolCodeMicroServices/messages/repository/message_db_repository.go:102.2,102.12 1 0
github.com/CoolCodeTeam/2019_2_CoolCodeMicroServices/messages/repository/message_db_repository.go:98.16,101.3 1 0
github.com/CoolCodeTeam/2019_2_CoolCodeMicroServices/messages/repository/message_db_repository.go:105.79,108.16 3 0
github.com/CoolCodeTeam/2019_2_CoolCodeMicroServices/messages/repository/message_db_repository.go:112.2,112.18 1 0
github.com/CoolCodeTeam/2019_2_CoolCodeMicroServices/messages/repository/message_db_repository.go:126.2,126.48 1 0
github.com/CoolCodeTeam/2019_2_CoolCodeMicroServices/messages/repository/message_db_repository.go:108.16,111.3 1 0
github.com/CoolCodeTeam/2019_2_CoolCodeMicroServices/messages/repository/message_db_repository.go:112.18,120.17 6 0
github.com/CoolCodeTeam/2019_2_CoolCodeMicroServices/messages/repository/message_db_repository.go:124.3,124.58 1 0
github.com/CoolCodeTeam/2019_2_CoolCodeMicroServices/messages/repository/message_db_repository.go:120.17,123.4 1 0
github.com/CoolCodeTeam/2019_2_CoolCodeMicroServices/messages/repository/message_db_repository.go:130.59,132.2 1 0
github.com/CoolCodeTeam/2019_2_CoolCodeMicroServices/messages/delivery/messages_handlers.go:35.109,42.2 1 0
github.com/CoolCodeTeam/2019_2_CoolCodeMicroServices/messages/delivery/messages_handlers.go:44.76,46.16 2 0
github.com/CoolCodeTeam/2019_2_CoolCodeMicroServices/messages/delivery/messages_handlers.go:49.2,50.16 2 0
github.com/CoolCodeTeam/2019_2_CoolCodeMicroServices/messages/delivery/messages_handlers.go:46.16,48.3 1 0
github.com/CoolCodeTeam/2019_2_CoolCodeMicroServices/messages/delivery/messages_handlers.go:50.16,52.3 1 0
github.com/CoolCodeTeam/2019_2_CoolCodeMicroServices/messages/delivery/messages_handlers.go:55.83,59.16 3 0
github.com/CoolCodeTeam/2019_2_CoolCodeMicroServices/messages/delivery/messages_handlers.go:62.2,63.16 2 0
github.com/CoolCodeTeam/2019_2_CoolCodeMicroServices/messages/delivery/messages_handlers.go:67.2,68.16 2 0
github.com/CoolCodeTeam/2019_2_CoolCodeMicroServices/messages/delivery/messages_handlers.go:72.2,74.18 3 0
github.com/CoolCodeTeam/2019_2_CoolCodeMicroServices/messages/delivery/messages_handlers.go:79.2,79.16 1 0
github.com/CoolCodeTeam/2019_2_CoolCodeMicroServices/messages/delivery/messages_handlers.go:83.2,88.16 3 0
github.com/CoolCodeTeam/2019_2_CoolCodeMicroServices/messages/delivery/messages_handlers.go:92.2,98.16 4 0
github.com/CoolCodeTeam/2019_2_CoolCodeMicroServices/messages/delivery/messages_handlers.go:101.2,102.16 2 0
github.com/CoolCodeTeam/2019_2_CoolCodeMicroServices/messages/delivery/messages_handlers.go:59.16,61.3 1 0
github.com/CoolCodeTeam/2019_2_CoolCodeMicroServices/messages/delivery/messages_handlers.go:63.16,66.3 2 0
github.com/CoolCodeTeam/2019_2_CoolCodeMicroServices/messages/delivery/messages_handlers.go:68.16,71.3 2 0
github.com/CoolCodeTeam/2019_2_CoolCodeMicroServices/messages/delivery/messages_handlers.go:74.18,76.3 1 0
github.com/CoolCodeTeam/2019_2_CoolCodeMicroServices/messages/delivery/messages_handlers.go:76.8,78.3 1 0
github.com/CoolCodeTeam/2019_2_CoolCodeMicroServices/messages/delivery/messages_handlers.go:79.16,82.3 2 0
github.com/CoolCodeTeam/2019_2_CoolCodeMicroServices/messages/delivery/messages_handlers.go:88.16,90.3 1 0
github.com/CoolCodeTeam/2019_2_CoolCodeMicroServices/messages/delivery/messages_handlers.go:98.16,100.3 1 0
github.com/CoolCodeTeam/2019_2_CoolCodeMicroServices/messages/delivery/messages_handlers.go:102.16,104.3 1 0
github.com/CoolCodeTeam/2019_2_CoolCodeMicroServices/messages/delivery/messages_handlers.go:108.83,110.16 2 0
github.com/CoolCodeTeam/2019_2_CoolCodeMicroServices/messages/delivery/messages_handlers.go:113.2,114.16 2 0
github.com/CoolCodeTeam/2019_2_CoolCodeMicroServices/messages/delivery/messages_handlers.go:118.2,120.16 2 0
github.com/CoolCodeTeam/2019_2_CoolCodeMicroServices/messages/delivery/messages_handlers.go:124.2,126.16 3 0
github.com/CoolCodeTeam/2019_2_CoolCodeMicroServices/messages/delivery/messages_handlers.go:130.2,134.16 4 0
github.com/CoolCodeTeam/2019_2_CoolCodeMicroServices/messages/delivery/messages_handlers.go:141.2,146.16 3 0
github.com/CoolCodeTeam/2019_2_CoolCodeMicroServices/messages/delivery/messages_handlers.go:149.2,150.16 2 0
github.com/CoolCodeTeam/2019_2_CoolCodeMicroServices/messages/delivery/messages_handlers.go:110.16,112.3 1 0
github.com/CoolCodeTeam/2019_2_CoolCodeMicroServices/messages/delivery/messages_handlers.go:114.16,117.3 2 0
github.com/CoolCodeTeam/2019_2_CoolCodeMicroServices/messages/delivery/messages_handlers.go:120.16,123.3 2 0
github.com/CoolCodeTeam/2019_2_CoolCodeMicroServices/messages/delivery/messages_handlers.go:126.16,129.3 2 0
github.com/CoolCodeTeam/2019_2_CoolCodeMicroServices/messages/delivery/messages_handlers.go:134.16,137.3 2 0
github.com/CoolCodeTeam/2019_2_CoolCodeMicroServices/messages/delivery/messages_handlers.go:146.16,148.3 1 0
github.com/CoolCodeTeam/2019_2_CoolCodeMicroServices/messages/delivery/messages_handlers.go:150.16,152.3 1 0
github.com/CoolCodeTeam/2019_2_CoolCodeMicroServices/messages/delivery/messages_handlers.go:155.91,158.16 3 0
github.com/CoolCodeTeam/2019_2_CoolCodeMicroServices/messages/delivery/messages_handlers.go:161.2,162.16 2 0
github.com/CoolCodeTeam/2019_2_CoolCodeMicroServices/messages/delivery/messages_handlers.go:166.2,166.18 1 0
github.com/CoolCodeTeam/2019_2_CoolCodeMicroServices/messages/delivery/messages_handlers.go:171.2,171.16 1 0
github.com/CoolCodeTeam/2019_2_CoolCodeMicroServices/messages/delivery/messages_handlers.go:175.2,176.16 2 0
github.com/CoolCodeTeam/2019_2_CoolCodeMicroServices/messages/delivery/messages_handlers.go:179.2,180.16 2 0
github.com/CoolCodeTeam/2019_2_CoolCodeMicroServices/messages/delivery/messages_handlers.go:158.16,160.3 1 0
github.com/CoolCodeTeam/2019_2_CoolCodeMicroServices/messages/delivery/messages_handlers.go:162.16,165.3 2 0
github.com/CoolCodeTeam/2019_2_CoolCodeMicroServices/messages/delivery/messages_handlers.go:166.18,168.3 1 0
github.com/CoolCodeTeam/2019_2_CoolCodeMicroServices/messages/delivery/messages_handlers.go:168.8,170.3 1 0
github.com/CoolCodeTeam/2019_2_CoolCodeMicroServices/messages/delivery/messages_handlers.go:171.16,174.3 2 0
github.com/CoolCodeTeam/2019_2_CoolCodeMicroServices/messages/delivery/messages_handlers.go:176.16,178.3 1 0
github.com/CoolCodeTeam/2019_2_CoolCodeMicroServices/messages/delivery/messages_handlers.go:180.16,182.3 1 0
github.com/CoolCodeTeam/2019_2_CoolCodeMicroServices/messages/delivery/messages_handlers.go:185.85,187.16 2 0
github.com/CoolCodeTeam/2019_2_CoolCodeMicroServices/messages/delivery/messages_handlers.go:190.2,191.16 2 0
github.com/CoolCodeTeam/2019_2_CoolCodeMicroServices/messages/delivery/messages_handlers.go:196.2,197.16 2 0
github.com/CoolCodeTeam/2019_2_CoolCodeMicroServices/messages/delivery/messages_handlers.go:201.2,202.29 2 0
github.com/CoolCodeTeam/2019_2_CoolCodeMicroServices/messages/delivery/messages_handlers.go:208.2,208.16 1 0
github.com/CoolCodeTeam/2019_2_CoolCodeMicroServices/messages/delivery/messages_handlers.go:212.2,217.16 3 0
github.com/CoolCodeTeam/2019_2_CoolCodeMicroServices/messages/delivery/messages_handlers.go:220.2,221.16 2 0
github.com/CoolCodeTeam/2019_2_CoolCodeMicroServices/messages/delivery/messages_handlers.go:187.16,189.3 1 0
github.com/CoolCodeTeam/2019_2_CoolCodeMicroServices/messages/delivery/messages_handlers.go:191.16,194.3 2 0
github.com/CoolCodeTeam/2019_2_CoolCodeMicroServices/messages/delivery/messages_handlers.go:197.16,199.3 1 0
github.com/CoolCodeTeam/2019_2_CoolCodeMicroServices/messages/delivery/messages_handlers.go:202.29,204.3 1 0
github.com/CoolCodeTeam/2019_2_CoolCodeMicroServices/messages/delivery/messages_handlers.go:204.8,206.3 1 0
github.com/CoolCodeTeam/2019_2_CoolCodeMicroServices/messages/delivery/messages_handlers.go:208.16,210.3 1 0
github.com/CoolCodeTeam/2019_2_CoolCodeMicroServices/messages/delivery/messages_handlers.go:217.16,219.3 1 0
github.com/CoolCodeTeam/2019_2_CoolCodeMicroServices/messages/delivery/messages_handlers.go:221.16,223.3 1 0
github.com/CoolCodeTeam/2019_2_CoolCodeMicroServices/messages/delivery/messages_handlers.go:226.81,233.16 4 0
github.com/CoolCodeTeam/2019_2_CoolCodeMicroServices/messages/delivery/messages_handlers.go:233.16,235.3 1 0
github.com/CoolCodeTeam/2019_2_CoolCodeMicroServices/messages/delivery/messages_handlers.go:235.8,237.3 1 0
github.com/CoolCodeTeam/2019_2_CoolCodeMicroServices/messages/delivery/messages_handlers.go:240.84,242.9 2 0
github.com/CoolCodeTeam/2019_2_CoolCodeMicroServices/messages/delivery/messages_handlers.go:246.2,247.16 2 0
github.com/CoolCodeTeam/2019_2_CoolCodeMicroServices/messages/delivery/messages_handlers.go:251.2,252.16 2 0
github.com/CoolCodeTeam/2019_2_CoolCodeMicroServices/messages/delivery/messages_handlers.go:256.2,257.16 2 0
github.com/CoolCodeTeam/2019_2_CoolCodeMicroServices/messages/delivery/messages_handlers.go:262.2,263.16 2 0
github.com/CoolCodeTeam/2019_2_CoolCodeMicroServices/messages/delivery/messages_handlers.go:266.2,267.16 2 0
github.com/CoolCodeTeam/2019_2_CoolCodeMicroServices/messages/delivery/messages_handlers.go:242.9,245.3 2 0
github.com/CoolCodeTeam/2019_2_CoolCodeMicroServices/messages/delivery/messages_handlers.go:247.16,250.3 2 0
github.com/CoolCodeTeam/2019_2_CoolCodeMicroServices/messages/delivery/messages_handlers.go:252.16,255.3 2 0
github.com/CoolCodeTeam/2019_2_CoolCodeMicroServices/messages/delivery/messages_handlers.go:257.16,260.3 2 0
github.com/CoolCodeTeam/2019_2_CoolCodeMicroServices/messages/delivery/messages_handlers.go:263.16,265.3 1 0
github.com/CoolCodeTeam/2019_2_CoolCodeMicroServices/messages/delivery/messages_handlers.go:267.16,269.3 1 0
github.com/CoolCodeTeam/2019_2_CoolCodeMicroServices/messages/delivery/messages_handlers.go:273.61,278.2 4 0
github.com/CoolCodeTeam/2019_2_CoolCodeMicroServices/messages/delivery/messages_handlers.go:280.38,282.2 1 0
github.com/CoolCodeTeam/2019_2_CoolCodeMicroServices/messages/main.go:35.41,40.16 3 0
github.com/CoolCodeTeam/2019_2_CoolCodeMicroServices/messages/main.go:43.2,43.15 1 0
github.com/CoolCodeTeam/2019_2_CoolCodeMicroServices/messages/main.go:46.2,46.16 1 0
github.com/CoolCodeTeam/2019_2_CoolCodeMicroServices/messages/main.go:40.16,42.3 1 0
github.com/CoolCodeTeam/2019_2_CoolCodeMicroServices/messages/main.go:43.15,45.3 1 0
github.com/CoolCodeTeam/2019_2_CoolCodeMicroServices/messages/main.go:50.51,52.16 2 0
github.com/CoolCodeTeam/2019_2_CoolCodeMicroServices/messages/main.go:55.2,55.13 1 0
github.com/CoolCodeTeam/2019_2_CoolCodeMicroServices/messages/main.go:52.16,54.3 1 0
github.com/CoolCodeTeam/2019_2_CoolCodeMicroServices/messages/main.go:58.13,66.16 5 0
github.com/CoolCodeTeam/2019_2_CoolCodeMicroServices/messages/main.go:69.2,124.16 30 0
github.com/CoolCodeTeam/2019_2_CoolCodeMicroServices/messages/main.go:66.16,68.3 1 0
github.com/CoolCodeTeam/2019_2_CoolCodeMicroServices/messages/main.go:124.16,127.3 2 0
github.com/CoolCodeTeam/2019_2_CoolCodeMicroServices/messages/usecase/messages_usecase.go:29.107,34.2 1 0
github.com/CoolCodeTeam/2019_2_CoolCodeMicroServices/messages/usecase/messages_usecase.go:36.52,38.2 1 1
github.com/CoolCodeTeam/2019_2_CoolCodeMicroServices/messages/usecase/messages_usecase.go:40.101,42.16 2 1
github.com/CoolCodeTeam/2019_2_CoolCodeMicroServices/messages/usecase/messages_usecase.go:45.2,45.19 1 1
github.com/CoolCodeTeam/2019_2_CoolCodeMicroServices/messages/usecase/messages_usecase.go:49.2,49.49 1 1
github.com/CoolCodeTeam/2019_2_CoolCodeMicroServices/messages/usecase/messages_usecase.go:42.16,44.3 1 1
github.com/CoolCodeTeam/2019_2_CoolCodeMicroServices/messages/usecase/messages_usecase.go:45.19,47.3 1 1
github.com/CoolCodeTeam/2019_2_CoolCodeMicroServices/messages/usecase/messages_usecase.go:52.104,54.16 2 1
github.com/CoolCodeTeam/2019_2_CoolCodeMicroServices/messages/usecase/messages_usecase.go:57.2,57.19 1 1
github.com/CoolCodeTeam/2019_2_CoolCodeMicroServices/messages/usecase/messages_usecase.go:61.2,61.49 1 1
github.com/CoolCodeTeam/2019_2_CoolCodeMicroServices/messages/usecase/messages_usecase.go:54.16,56.3 1 1
github.com/CoolCodeTeam/2019_2_CoolCodeMicroServices/messages/usecase/messages_usecase.go:57.19,59.3 1 1
github.com/CoolCodeTeam/2019_2_CoolCodeMicroServices/messages/usecase/messages_usecase.go:64.88,66.2 1 0
github.com/CoolCodeTeam/2019_2_CoolCodeMicroServices/messages/usecase/messages_usecase.go:68.87,70.16 2 1
github.com/CoolCodeTeam/2019_2_CoolCodeMicroServices/messages/usecase/messages_usecase.go:73.2,73.19 1 1
github.com/CoolCodeTeam/2019_2_CoolCodeMicroServices/messages/usecase/messages_usecase.go:76.2,76.41 1 1
github.com/CoolCodeTeam/2019_2_CoolCodeMicroServices/messages/usecase/messages_usecase.go:70.16,72.3 1 1
github.com/CoolCodeTeam/2019_2_CoolCodeMicroServices/messages/usecase/messages_usecase.go:73.19,75.3 1 1
github.com/CoolCodeTeam/2019_2_CoolCodeMicroServices/messages/usecase/messages_usecase.go:79.90,81.16 2 1
github.com/CoolCodeTeam/2019_2_CoolCodeMicroServices/messages/usecase/messages_usecase.go:84.2,84.19 1 1
github.com/CoolCodeTeam/2019_2_CoolCodeMicroServices/messages/usecase/messages_usecase.go:87.2,87.41 1 1
github.com/CoolCodeTeam/2019_2_CoolCodeMicroServices/messages/usecase/messages_usecase.go:81.16,83.3 1 1
github.com/CoolCodeTeam/2019_2_CoolCodeMicroServices/messages/usecase/messages_usecase.go:84.19,86.3 1 1
github.com/CoolCodeTeam/2019_2_CoolCodeMicroServices/messages/usecase/messages_usecase.go:90.88,92.16 2 1
github.com/CoolCodeTeam/2019_2_CoolCodeMicroServices/messages/usecase/messages_usecase.go:95.2,95.34 1 0
github.com/CoolCodeTeam/2019_2_CoolCodeMicroServices/messages/usecase/messages_usecase.go:98.2,98.44 1 0
github.com/CoolCodeTeam/2019_2_CoolCodeMicroServices/messages/usecase/messages_usecase.go:92.16,94.3 1 1
github.com/CoolCodeTeam/2019_2_CoolCodeMicroServices/messages/usecase/messages_usecase.go:95.34,97.3 1 0
github.com/CoolCodeTeam/2019_2_CoolCodeMicroServices/messages/usecase/messages_usecase.go:101.83,103.16 2 1
github.com/CoolCodeTeam/2019_2_CoolCodeMicroServices/messages/usecase/messages_usecase.go:106.2,106.32 1 1
github.com/CoolCodeTeam/2019_2_CoolCodeMicroServices/messages/usecase/messages_usecase.go:109.2,109.46 1 1
github.com/CoolCodeTeam/2019_2_CoolCodeMicroServices/messages/usecase/messages_usecase.go:103.16,105.3 1 1
github.com/CoolCodeTeam/2019_2_CoolCodeMicroServices/messages/usecase/messages_usecase.go:106.32,108.3 1 1
github.com/CoolCodeTeam/2019_2_CoolCodeMicroServices/messages/usecase/messages_usecase.go:112.90,114.16 2 1
github.com/CoolCodeTeam/2019_2_CoolCodeMicroServices/messages/usecase/messages_usecase.go:117.2,117.32 1 1
github.com/CoolCodeTeam/2019_2_CoolCodeMicroServices/messages/usecase/messages_usecase.go:120.2,120.53 1 1
github.com/CoolCodeTeam/2019_2_CoolCodeMicroServices/messages/usecase/messages_usecase.go:114.16,116.3 1 1
github.com/CoolCodeTeam/2019_2_CoolCodeMicroServices/messages/usecase/messages_usecase.go:117.32,119.3 1 1
github.com/CoolCodeTeam/2019_2_CoolCodeMicroServices/messages/usecase/messages_usecase.go:123.98,125.16 2 1
github.com/CoolCodeTeam/2019_2_CoolCodeMicroServices/messages/usecase/messages_usecase.go:128.2,130.44 2 1
github.com/CoolCodeTeam/2019_2_CoolCodeMicroServices/messages/usecase/messages_usecase.go:143.2,143.20 1 1
github.com/CoolCodeTeam/2019_2_CoolCodeMicroServices/messages/usecase/messages_usecase.go:125.16,127.3 1 1
github.com/CoolCodeTeam/2019_2_CoolCodeMicroServices/messages/usecase/messages_usecase.go:130.44,132.17 2 1
github.com/CoolCodeTeam/2019_2_CoolCodeMicroServices/messages/usecase/messages_usecase.go:139.3,139.9 1 0
github.com/CoolCodeTeam/2019_2_CoolCodeMicroServices/messages/usecase/messages_usecase.go:132.17,134.10 2 1
github.com/CoolCodeTeam/2019_2_CoolCodeMicroServices/messages/usecase/messages_usecase.go:137.4,137.12 1 1
github.com/CoolCodeTeam/2019_2_CoolCodeMicroServices/messages/usecase/messages_usecase.go:134.10,136.5 1 1
github.com/CoolCodeTeam/2019_2_CoolCodeMicroServices/messages/usecase/messages_usecase.go:139.9,141.4 1 0
github.com/CoolCodeTeam/2019_2_CoolCodeMicroServices/messages/repository/message_db_repository.go:14.60,16.16 2 0
github.com/CoolCodeTeam/2019_2_CoolCodeMicroServices/messages/repository/message_db_repository.go:19.2,19.12 1 0
github.com/CoolCodeTeam/2019_2_CoolCodeMicroServices/messages/repository/message_db_repository.go:16.16,18.3 1 0
github.com/CoolCodeTeam/2019_2_CoolCodeMicroServices/messages/repository/message_db_repository.go:21.83,24.16 3 0
github.com/CoolCodeTeam/2019_2_CoolCodeMicroServices/messages/repository/message_db_repository.go:27.2,32.16 3 0
github.com/CoolCodeTeam/2019_2_CoolCodeMicroServices/messages/repository/message_db_repository.go:35.2,35.20 1 0
github.com/CoolCodeTeam/2019_2_CoolCodeMicroServices/messages/repository/message_db_repository.go:24.16,26.3 1 0
github.com/CoolCodeTeam/2019_2_CoolCodeMicroServices/messages/repository/message_db_repository.go:32.16,34.3 1 0
github.com/CoolCodeTeam/2019_2_CoolCodeMicroServices/messages/repository/message_db_repository.go:39.89,45.40 4 0
github.com/CoolCodeTeam/2019_2_CoolCodeMicroServices/messages/repository/message_db_repository.go:49.2,51.31 3 0
github.com/CoolCodeTeam/2019_2_CoolCodeMicroServices/messages/repository/message_db_repository.go:45.40,48.3 1 0
github.com/CoolCodeTeam/2019_2_CoolCodeMicroServices/messages/repository/message_db_repository.go:54.91,57.16 3 0
github.com/CoolCodeTeam/2019_2_CoolCodeMicroServices/messages/repository/message_db_repository.go:61.2,61.18 1 0
github.com/CoolCodeTeam/2019_2_CoolCodeMicroServices/messages/repository/message_db_repository.go:75.2,75.58 1 0
github.com/CoolCodeTeam/2019_2_CoolCodeMicroServices/messages/repository/message_db_repository.go:57.16,60.3 1 0
github.com/CoolCodeTeam/2019_2_CoolCodeMicroServices/messages/repository/message_db_repository.go:61.18,69.17 6 0
github.com/CoolCodeTeam/2019_2_CoolCodeMicroServices/messages/repository/message_db_repository.go:73.3,73.58 1 0
github.com/CoolCodeTeam/2019_2_CoolCodeMicroServices/messages/repository/message_db_repository.go:69.17,72.4 1 0
github.com/CoolCodeTeam/2019_2_CoolCodeMicroServices/messages/repository/message_db_repository.go:78.69,80.16 2 0
github.com/CoolCodeTeam/2019_2_CoolCodeMicroServices/messages/repository/message_db_repository.go:84.2,84.12 1 0
github.com/CoolCodeTeam/2019_2_CoolCodeMicroServices/messages/repository/message_db_repository.go:80.16,83.3 1 0
github.com/CoolCodeTeam/2019_2_CoolCodeMicroServices/messages/repository/message_db_repository.go:87.76,89.16 2 0
github.com/CoolCodeTeam/2019_2_CoolCodeMicroServices/messages/repository/message_db_repository.go:93.2,93.12 1 0
github.com/CoolCodeTeam/2019_2_CoolCodeMicroServices/messages/repository/message_db_repository.go:89.16,92.3 1 0
github.com/CoolCodeTeam/2019_2_CoolCodeMicroServices/messages/repository/message_db_repository.go:96.76,98.16 2 0
github.com/CoolCodeTeam/2019_2_CoolCodeMicroServices/messages/repository/message_db_repository.go:102.2,102.12 1 0
github.com/CoolCodeTeam/2019_2_CoolCodeMicroServices/messages/repository/message_db_repository.go:98.16,101.3 1 0
github.com/CoolCodeTeam/2019_2_CoolCodeMicroServices/messages/repository/message_db_repository.go:105.79,108.16 3 0
github.com/CoolCodeTeam/2019_2_CoolCodeMicroServices/messages/repository/message_db_repository.go:112.2,112.18 1 0
github.com/CoolCodeTeam/2019_2_CoolCodeMicroServices/messages/repository/message_db_repository.go:126.2,126.48 1 0
github.com/CoolCodeTeam/2019_2_CoolCodeMicroServices/messages/repository/message_db_repository.go:108.16,111.3 1 0
github.com/CoolCodeTeam/2019_2_CoolCodeMicroServices/messages/repository/message_db_repository.go:112.18,120.17 6 0
github.com/CoolCodeTeam/2019_2_CoolCodeMicroServices/messages/repository/message_db_repository.go:124.3,124.58 1 0
github.com/CoolCodeTeam/2019_2_CoolCodeMicroServices/messages/repository/message_db_repository.go:120.17,123.4 1 0
github.com/CoolCodeTeam/2019_2_CoolCodeMicroServices/messages/repository/message_db_repository.go:130.59,132.2 1 0
github.com/CoolCodeTeam/2019_2_CoolCodeMicroServices/messages/usecase/messages_usecase.go:29.107,34.2 1 0
github.com/CoolCodeTeam/2019_2_CoolCodeMicroServices/messages/usecase/messages_usecase.go:36.52,38.2 1 0
github.com/CoolCodeTeam/2019_2_CoolCodeMicroServices/messages/usecase/messages_usecase.go:40.101,42.16 2 0
github.com/CoolCodeTeam/2019_2_CoolCodeMicroServices/messages/usecase/messages_usecase.go:45.2,45.19 1 0
github.com/CoolCodeTeam/2019_2_CoolCodeMicroServices/messages/usecase/messages_usecase.go:49.2,49.49 1 0
github.com/CoolCodeTeam/2019_2_CoolCodeMicroServices/messages/usecase/messages_usecase.go:42.16,44.3 1 0
github.com/CoolCodeTeam/2019_2_CoolCodeMicroServices/messages/usecase/messages_usecase.go:45.19,47.3 1 0
github.com/CoolCodeTeam/2019_2_CoolCodeMicroServices/messages/usecase/messages_usecase.go:52.104,54.16 2 0
github.com/CoolCodeTeam/2019_2_CoolCodeMicroServices/messages/usecase/messages_usecase.go:57.2,57.19 1 0
github.com/CoolCodeTeam/2019_2_CoolCodeMicroServices/messages/usecase/messages_usecase.go:61.2,61.49 1 0
github.com/CoolCodeTeam/2019_2_CoolCodeMicroServices/messages/usecase/messages_usecase.go:54.16,56.3 1 0
github.com/CoolCodeTeam/2019_2_CoolCodeMicroServices/messages/usecase/messages_usecase.go:57.19,59.3 1 0
github.com/CoolCodeTeam/2019_2_CoolCodeMicroServices/messages/usecase/messages_usecase.go:64.88,66.2 1 0
github.com/CoolCodeTeam/2019_2_CoolCodeMicroServices/messages/usecase/messages_usecase.go:68.87,70.16 2 0
github.com/CoolCodeTeam/2019_2_CoolCodeMicroServices/messages/usecase/messages_usecase.go:73.2,73.19 1 0
github.com/CoolCodeTeam/2019_2_CoolCodeMicroServices/messages/usecase/messages_usecase.go:76.2,76.41 1 0
github.com/CoolCodeTeam/2019_2_CoolCodeMicroServices/messages/usecase/messages_usecase.go:70.16,72.3 1 0
github.com/CoolCodeTeam/2019_2_CoolCodeMicroServices/messages/usecase/messages_usecase.go:73.19,75.3 1 0
github.com/CoolCodeTeam/2019_2_CoolCodeMicroServices/messages/usecase/messages_usecase.go:79.90,81.16 2 0
github.com/CoolCodeTeam/2019_2_CoolCodeMicroServices/messages/usecase/messages_usecase.go:84.2,84.19 1 0
github.com/CoolCodeTeam/2019_2_CoolCodeMicroServices/messages/usecase/messages_usecase.go:87.2,87.41 1 0
github.com/CoolCodeTeam/2019_2_CoolCodeMicroServices/messages/usecase/messages_usecase.go:81.16,83.3 1 0
github.com/CoolCodeTeam/2019_2_CoolCodeMicroServices/messages/usecase/messages_usecase.go:84.19,86.3 1 0
github.com/CoolCodeTeam/2019_2_CoolCodeMicroServices/messages/usecase/messages_usecase.go:90.88,92.16 2 0
github.com/CoolCodeTeam/2019_2_CoolCodeMicroServices/messages/usecase/messages_usecase.go:95.2,95.34 1 0
github.com/CoolCodeTeam/2019_2_CoolCodeMicroServices/messages/usecase/messages_usecase.go:98.2,98.44 1 0
github.com/CoolCodeTeam/2019_2_CoolCodeMicroServices/messages/usecase/messages_usecase.go:92.16,94.3 1 0
github.com/CoolCodeTeam/2019_2_CoolCodeMicroServices/messages/usecase/messages_usecase.go:95.34,97.3 1 0
github.com/CoolCodeTeam/2019_2_CoolCodeMicroServices/messages/usecase/messages_usecase.go:101.83,103.16 2 0
github.com/CoolCodeTeam/2019_2_CoolCodeMicroServices/messages/usecase/messages_usecase.go:106.2,106.32 1 0
github.com/CoolCodeTeam/2019_2_CoolCodeMicroServices/messages/usecase/messages_usecase.go:109.2,109.46 1 0
github.com/CoolCodeTeam/2019_2_CoolCodeMicroServices/messages/usecase/messages_usecase.go:103.16,105.3 1 0
github.com/CoolCodeTeam/2019_2_CoolCodeMicroServices/messages/usecase/messages_usecase.go:106.32,108.3 1 0
github.com/CoolCodeTeam/2019_2_CoolCodeMicroServices/messages/usecase/messages_usecase.go:112.90,114.16 2 0
github.com/CoolCodeTeam/2019_2_CoolCodeMicroServices/messages/usecase/messages_usecase.go:117.2,117.32 1 0
github.com/CoolCodeTeam/2019_2_CoolCodeMicroServices/messages/usecase/messages_usecase.go:120.2,120.53 1 0
github.com/CoolCodeTeam/2019_2_CoolCodeMicroServices/messages/usecase/messages_usecase.go:114.16,116.3 1 0
github.com/CoolCodeTeam/2019_2_CoolCodeMicroServices/messages/usecase/messages_usecase.go:117.32,119.3 1 0
github.com/CoolCodeTeam/2019_2_CoolCodeMicroServices/messages/usecase/messages_usecase.go:123.98,125.16 2 0
github.com/CoolCodeTeam/2019_2_CoolCodeMicroServices/messages/usecase/messages_usecase.go:128.2,130.44 2 0
github.com/CoolCodeTeam/2019_2_CoolCodeMicroServices/messages/usecase/messages_usecase.go:143.2,143.20 1 0
github.com/CoolCodeTeam/2019_2_CoolCodeMicroServices/messages/usecase/messages_usecase.go:125.16,127.3 1 0
github.com/CoolCodeTeam/2019_2_CoolCodeMicroServices/messages/usecase/messages_usecase.go:130.44,132.17 2 0
github.com/CoolCodeTeam/2019_2_CoolCodeMicroServices/messages/usecase/messages_usecase.go:139.3,139.9 1 0
github.com/CoolCodeTeam/2019_2_CoolCodeMicroServices/messages/usecase/messages_usecase.go:132.17,134.10 2 0
github.com/CoolCodeTeam/2019_2_CoolCodeMicroServices/messages/usecase/messages_usecase.go:137.4,137.12 1 0
github.com/CoolCodeTeam/2019_2_CoolCodeMicroServices/messages/usecase/messages_usecase.go:134.10,136.5 1 0
github.com/CoolCodeTeam/2019_2_CoolCodeMicroServices/messages/usecase/messages_usecase.go:139.9,141.4 1 0
github.com/CoolCodeTeam/2019_2_CoolCodeMicroServices/messages/main.go:35.41,40.16 3 0
github.com/CoolCodeTeam/2019_2_CoolCodeMicroServices/messages/main.go:43.2,43.15 1 0
github.com/CoolCodeTeam/2019_2_CoolCodeMicroServices/messages/main.go:46.2,46.16 1 0
github.com/CoolCodeTeam/2019_2_CoolCodeMicroServices/messages/main.go:40.16,42.3 1 0
github.com/CoolCodeTeam/2019_2_CoolCodeMicroServices/messages/main.go:43.15,45.3 1 0
github.com/CoolCodeTeam/2019_2_CoolCodeMicroServices/messages/main.go:50.51,52.16 2 0
github.com/CoolCodeTeam/2019_2_CoolCodeMicroServices/messages/main.go:55.2,55.13 1 0
github.com/CoolCodeTeam/2019_2_CoolCodeMicroServices/messages/main.go:52.16,54.3 1 0
github.com/CoolCodeTeam/2019_2_CoolCodeMicroServices/messages/main.go:58.13,66.16 5 0
github.com/CoolCodeTeam/2019_2_CoolCodeMicroServices/messages/main.go:69.2,124.16 30 0
github.com/CoolCodeTeam/2019_2_CoolCodeMicroServices/messages/main.go:66.16,68.3 1 0
github.com/CoolCodeTeam/2019_2_CoolCodeMicroServices/messages/main.go:124.16,127.3 2 0
github.com/CoolCodeTeam/2019_2_CoolCodeMicroServices/messages/delivery/messages_handlers.go:35.109,42.2 1 0
github.com/CoolCodeTeam/2019_2_CoolCodeMicroServices/messages/delivery/messages_handlers.go:44.76,46.16 2 0
github.com/CoolCodeTeam/2019_2_CoolCodeMicroServices/messages/delivery/messages_handlers.go:49.2,50.16 2 0
github.com/CoolCodeTeam/2019_2_CoolCodeMicroServices/messages/delivery/messages_handlers.go:46.16,48.3 1 0
github.com/CoolCodeTeam/2019_2_CoolCodeMicroServices/messages/delivery/messages_handlers.go:50.16,52.3 1 0
github.com/CoolCodeTeam/2019_2_CoolCodeMicroServices/messages/delivery/messages_handlers.go:55.83,59.16 3 1
github.com/CoolCodeTeam/2019_2_CoolCodeMicroServices/messages/delivery/messages_handlers.go:62.2,63.16 2 1
github.com/CoolCodeTeam/2019_2_CoolCodeMicroServices/messages/delivery/messages_handlers.go:67.2,68.16 2 1
github.com/CoolCodeTeam/2019_2_CoolCodeMicroServices/messages/delivery/messages_handlers.go:72.2,74.18 3 1
github.com/CoolCodeTeam/2019_2_CoolCodeMicroServices/messages/delivery/messages_handlers.go:79.2,79.16 1 1
github.com/CoolCodeTeam/2019_2_CoolCodeMicroServices/messages/delivery/messages_handlers.go:83.2,88.16 3 1
github.com/CoolCodeTeam/2019_2_CoolCodeMicroServices/messages/delivery/messages_handlers.go:92.2,98.16 4 1
github.com/CoolCodeTeam/2019_2_CoolCodeMicroServices/messages/delivery/messages_handlers.go:101.2,102.16 2 1
github.com/CoolCodeTeam/2019_2_CoolCodeMicroServices/messages/delivery/messages_handlers.go:59.16,61.3 1 1
github.com/CoolCodeTeam/2019_2_CoolCodeMicroServices/messages/delivery/messages_handlers.go:63.16,66.3 2 1
github.com/CoolCodeTeam/2019_2_CoolCodeMicroServices/messages/delivery/messages_handlers.go:68.16,71.3 2 1
github.com/CoolCodeTeam/2019_2_CoolCodeMicroServices/messages/delivery/messages_handlers.go:74.18,76.3 1 0
github.com/CoolCodeTeam/2019_2_CoolCodeMicroServices/messages/delivery/messages_handlers.go:76.8,78.3 1 1
github.com/CoolCodeTeam/2019_2_CoolCodeMicroServices/messages/delivery/messages_handlers.go:79.16,82.3 2 1
github.com/CoolCodeTeam/2019_2_CoolCodeMicroServices/messages/delivery/messages_handlers.go:88.16,90.3 1 0
github.com/CoolCodeTeam/2019_2_CoolCodeMicroServices/messages/delivery/messages_handlers.go:98.16,100.3 1 0
github.com/CoolCodeTeam/2019_2_CoolCodeMicroServices/messages/delivery/messages_handlers.go:102.16,104.3 1 1
github.com/CoolCodeTeam/2019_2_CoolCodeMicroServices/messages/delivery/messages_handlers.go:108.83,110.16 2 1
github.com/CoolCodeTeam/2019_2_CoolCodeMicroServices/messages/delivery/messages_handlers.go:113.2,114.16 2 1
github.com/CoolCodeTeam/2019_2_CoolCodeMicroServices/messages/delivery/messages_handlers.go:118.2,120.16 2 1
github.com/CoolCodeTeam/2019_2_CoolCodeMicroServices/messages/delivery/messages_handlers.go:124.2,126.16 3 1
github.com/CoolCodeTeam/2019_2_CoolCodeMicroServices/messages/delivery/messages_handlers.go:130.2,134.16 4 1
github.com/CoolCodeTeam/2019_2_CoolCodeMicroServices/messages/delivery/messages_handlers.go:141.2,146.16 3 1
github.com/CoolCodeTeam/2019_2_CoolCodeMicroServices/messages/delivery/messages_handlers.go:149.2,150.16 2 1
github.com/CoolCodeTeam/2019_2_CoolCodeMicroServices/messages/delivery/messages_handlers.go:110.16,112.3 1 1
github.com/CoolCodeTeam/2019_2_CoolCodeMicroServices/messages/delivery/messages_handlers.go:114.16,117.3 2 1
github.com/CoolCodeTeam/2019_2_CoolCodeMicroServices/messages/delivery/messages_handlers.go:120.16,123.3 2 1
github.com/CoolCodeTeam/2019_2_CoolCodeMicroServices/messages/delivery/messages_handlers.go:126.16,129.3 2 0
github.com/CoolCodeTeam/2019_2_CoolCodeMicroServices/messages/delivery/messages_handlers.go:134.16,137.3 2 1
github.com/CoolCodeTeam/2019_2_CoolCodeMicroServices/messages/delivery/messages_handlers.go:146.16,148.3 1 0
github.com/CoolCodeTeam/2019_2_CoolCodeMicroServices/messages/delivery/messages_handlers.go:150.16,152.3 1 0
github.com/CoolCodeTeam/2019_2_CoolCodeMicroServices/messages/delivery/messages_handlers.go:155.91,158.16 3 1
github.com/CoolCodeTeam/2019_2_CoolCodeMicroServices/messages/delivery/messages_handlers.go:161.2,162.16 2 1
github.com/CoolCodeTeam/2019_2_CoolCodeMicroServices/messages/delivery/messages_handlers.go:166.2,166.18 1 1
github.com/CoolCodeTeam/2019_2_CoolCodeMicroServices/messages/delivery/messages_handlers.go:171.2,171.16 1 1
github.com/CoolCodeTeam/2019_2_CoolCodeMicroServices/messages/delivery/messages_handlers.go:175.2,176.16 2 1
github.com/CoolCodeTeam/2019_2_CoolCodeMicroServices/messages/delivery/messages_handlers.go:179.2,180.16 2 1
github.com/CoolCodeTeam/2019_2_CoolCodeMicroServices/messages/delivery/messages_handlers.go:158.16,160.3 1 1
github.com/CoolCodeTeam/2019_2_CoolCodeMicroServices/messages/delivery/messages_handlers.go:162.16,165.3 2 1
github.com/CoolCodeTeam/2019_2_CoolCodeMicroServices/messages/delivery/messages_handlers.go:166.18,168.3 1 0
github.com/CoolCodeTeam/2019_2_CoolCodeMicroServices/messages/delivery/messages_handlers.go:168.8,170.3 1 1
github.com/CoolCodeTeam/2019_2_CoolCodeMicroServices/messages/delivery/messages_handlers.go:171.16,174.3 2 1
github.com/CoolCodeTeam/2019_2_CoolCodeMicroServices/messages/delivery/messages_handlers.go:176.16,178.3 1 0
github.com/CoolCodeTeam/2019_2_CoolCodeMicroServices/messages/delivery/messages_handlers.go:180.16,182.3 1 0
github.com/CoolCodeTeam/2019_2_CoolCodeMicroServices/messages/delivery/messages_handlers.go:185.85,187.16 2 0
github.com/CoolCodeTeam/2019_2_CoolCodeMicroServices/messages/delivery/messages_handlers.go:190.2,191.16 2 0
github.com/CoolCodeTeam/2019_2_CoolCodeMicroServices/messages/delivery/messages_handlers.go:196.2,197.16 2 0
github.com/CoolCodeTeam/2019_2_CoolCodeMicroServices/messages/delivery/messages_handlers.go:201.2,202.29 2 0
github.com/CoolCodeTeam/2019_2_CoolCodeMicroServices/messages/delivery/messages_handlers.go:208.2,208.16 1 0
github.com/CoolCodeTeam/2019_2_CoolCodeMicroServices/messages/delivery/messages_handlers.go:212.2,217.16 3 0
github.com/CoolCodeTeam/2019_2_CoolCodeMicroServices/messages/delivery/messages_handlers.go:220.2,221.16 2 0
github.com/CoolCodeTeam/2019_2_CoolCodeMicroServices/messages/delivery/messages_handlers.go:187.16,189.3 1 0
github.com/CoolCodeTeam/2019_2_CoolCodeMicroServices/messages/delivery/messages_handlers.go:191.16,194.3 2 0
github.com/CoolCodeTeam/2019_2_CoolCodeMicroServices/messages/delivery/messages_handlers.go:197.16,199.3 1 0
github.com/CoolCodeTeam/2019_2_CoolCodeMicroServices/messages/delivery/messages_handlers.go:202.29,204.3 1 0
github.com/CoolCodeTeam/2019_2_CoolCodeMicroServices/messages/delivery/messages_handlers.go:204.8,206.3 1 0
github.com/CoolCodeTeam/2019_2_CoolCodeMicroServices/messages/delivery/messages_handlers.go:208.16,210.3 1 0
github.com/CoolCodeTeam/2019_2_CoolCodeMicroServices/messages/delivery/messages_handlers.go:217.16,219.3 1 0
github.com/CoolCodeTeam/2019_2_CoolCodeMicroServices/messages/delivery/messages_handlers.go:221.16,223.3 1 0
github.com/CoolCodeTeam/2019_2_CoolCodeMicroServices/messages/delivery/messages_handlers.go:226.81,233.16 4 1
github.com/CoolCodeTeam/2019_2_CoolCodeMicroServices/messages/delivery/messages_handlers.go:233.16,235.3 1 1
github.com/CoolCodeTeam/2019_2_CoolCodeMicroServices/messages/delivery/messages_handlers.go:235.8,237.3 1 1
github.com/CoolCodeTeam/2019_2_CoolCodeMicroServices/messages/delivery/messages_handlers.go:240.84,242.9 2 1
github.com/CoolCodeTeam/2019_2_CoolCodeMicroServices/messages/delivery/messages_handlers.go:246.2,247.16 2 1
github.com/CoolCodeTeam/2019_2_CoolCodeMicroServices/messages/delivery/messages_handlers.go:251.2,252.16 2 1
github.com/CoolCodeTeam/2019_2_CoolCodeMicroServices/messages/delivery/messages_handlers.go:256.2,257.16 2 1
github.com/CoolCodeTeam/2019_2_CoolCodeMicroServices/messages/delivery/messages_handlers.go:262.2,263.16 2 1
github.com/CoolCodeTeam/2019_2_CoolCodeMicroServices/messages/delivery/messages_handlers.go:266.2,267.16 2 1
github.com/CoolCodeTeam/2019_2_CoolCodeMicroServices/messages/delivery/messages_handlers.go:242.9,245.3 2 1
github.com/CoolCodeTeam/2019_2_CoolCodeMicroServices/messages/delivery/messages_handlers.go:247.16,250.3 2 1
github.com/CoolCodeTeam/2019_2_CoolCodeMicroServices/messages/delivery/messages_handlers.go:252.16,255.3 2 0
github.com/CoolCodeTeam/2019_2_CoolCodeMicroServices/messages/delivery/messages_handlers.go:257.16,260.3 2 1
github.com/CoolCodeTeam/2019_2_CoolCodeMicroServices/messages/delivery/messages_handlers.go:263.16,265.3 1 0
github.com/CoolCodeTeam/2019_2_CoolCodeMicroServices/messages/delivery/messages_handlers.go:267.16,269.3 1 0
github.com/CoolCodeTeam/2019_2_CoolCodeMicroServices/messages/delivery/messages_handlers.go:273.61,278.2 4 1
github.com/CoolCodeTeam/2019_2_CoolCodeMicroServices/messages/delivery/messages_handlers.go:280.38,282.2 1 1
