mode: set
github.com/CoolCodeTeam/2019_2_CoolCodeMicroServices/messages/usecase/messages_usecase.go:28.107,33.2 1 0
github.com/CoolCodeTeam/2019_2_CoolCodeMicroServices/messages/usecase/messages_usecase.go:35.101,37.16 2 1
github.com/CoolCodeTeam/2019_2_CoolCodeMicroServices/messages/usecase/messages_usecase.go:40.2,40.19 1 1
github.com/CoolCodeTeam/2019_2_CoolCodeMicroServices/messages/usecase/messages_usecase.go:44.2,44.49 1 1
github.com/CoolCodeTeam/2019_2_CoolCodeMicroServices/messages/usecase/messages_usecase.go:37.16,39.3 1 1
github.com/CoolCodeTeam/2019_2_CoolCodeMicroServices/messages/usecase/messages_usecase.go:40.19,42.3 1 1
github.com/CoolCodeTeam/2019_2_CoolCodeMicroServices/messages/usecase/messages_usecase.go:47.104,49.16 2 0
github.com/CoolCodeTeam/2019_2_CoolCodeMicroServices/messages/usecase/messages_usecase.go:52.2,52.19 1 0
github.com/CoolCodeTeam/2019_2_CoolCodeMicroServices/messages/usecase/messages_usecase.go:56.2,56.49 1 0
github.com/CoolCodeTeam/2019_2_CoolCodeMicroServices/messages/usecase/messages_usecase.go:49.16,51.3 1 0
github.com/CoolCodeTeam/2019_2_CoolCodeMicroServices/messages/usecase/messages_usecase.go:52.19,54.3 1 0
github.com/CoolCodeTeam/2019_2_CoolCodeMicroServices/messages/usecase/messages_usecase.go:59.88,61.2 1 0
github.com/CoolCodeTeam/2019_2_CoolCodeMicroServices/messages/usecase/messages_usecase.go:63.87,65.16 2 1
github.com/CoolCodeTeam/2019_2_CoolCodeMicroServices/messages/usecase/messages_usecase.go:68.2,68.19 1 1
github.com/CoolCodeTeam/2019_2_CoolCodeMicroServices/messages/usecase/messages_usecase.go:71.2,71.41 1 1
github.com/CoolCodeTeam/2019_2_CoolCodeMicroServices/messages/usecase/messages_usecase.go:65.16,67.3 1 1
github.com/CoolCodeTeam/2019_2_CoolCodeMicroServices/messages/usecase/messages_usecase.go:68.19,70.3 1 1
github.com/CoolCodeTeam/2019_2_CoolCodeMicroServices/messages/usecase/messages_usecase.go:74.90,76.16 2 0
github.com/CoolCodeTeam/2019_2_CoolCodeMicroServices/messages/usecase/messages_usecase.go:79.2,79.19 1 0
github.com/CoolCodeTeam/2019_2_CoolCodeMicroServices/messages/usecase/messages_usecase.go:82.2,82.41 1 0
github.com/CoolCodeTeam/2019_2_CoolCodeMicroServices/messages/usecase/messages_usecase.go:76.16,78.3 1 0
github.com/CoolCodeTeam/2019_2_CoolCodeMicroServices/messages/usecase/messages_usecase.go:79.19,81.3 1 0
github.com/CoolCodeTeam/2019_2_CoolCodeMicroServices/messages/usecase/messages_usecase.go:85.88,87.16 2 1
github.com/CoolCodeTeam/2019_2_CoolCodeMicroServices/messages/usecase/messages_usecase.go:90.2,90.34 1 0
github.com/CoolCodeTeam/2019_2_CoolCodeMicroServices/messages/usecase/messages_usecase.go:93.2,93.44 1 0
github.com/CoolCodeTeam/2019_2_CoolCodeMicroServices/messages/usecase/messages_usecase.go:87.16,89.3 1 1
github.com/CoolCodeTeam/2019_2_CoolCodeMicroServices/messages/usecase/messages_usecase.go:90.34,92.3 1 0
github.com/CoolCodeTeam/2019_2_CoolCodeMicroServices/messages/usecase/messages_usecase.go:96.83,98.16 2 1
github.com/CoolCodeTeam/2019_2_CoolCodeMicroServices/messages/usecase/messages_usecase.go:101.2,101.32 1 1
github.com/CoolCodeTeam/2019_2_CoolCodeMicroServices/messages/usecase/messages_usecase.go:104.2,104.46 1 1
github.com/CoolCodeTeam/2019_2_CoolCodeMicroServices/messages/usecase/messages_usecase.go:98.16,100.3 1 1
github.com/CoolCodeTeam/2019_2_CoolCodeMicroServices/messages/usecase/messages_usecase.go:101.32,103.3 1 1
github.com/CoolCodeTeam/2019_2_CoolCodeMicroServices/messages/usecase/messages_usecase.go:107.90,109.16 2 1
github.com/CoolCodeTeam/2019_2_CoolCodeMicroServices/messages/usecase/messages_usecase.go:112.2,112.32 1 1
github.com/CoolCodeTeam/2019_2_CoolCodeMicroServices/messages/usecase/messages_usecase.go:115.2,115.53 1 1
github.com/CoolCodeTeam/2019_2_CoolCodeMicroServices/messages/usecase/messages_usecase.go:109.16,111.3 1 1
github.com/CoolCodeTeam/2019_2_CoolCodeMicroServices/messages/usecase/messages_usecase.go:112.32,114.3 1 1
github.com/CoolCodeTeam/2019_2_CoolCodeMicroServices/messages/usecase/messages_usecase.go:118.98,120.16 2 0
github.com/CoolCodeTeam/2019_2_CoolCodeMicroServices/messages/usecase/messages_usecase.go:123.2,125.44 2 0
github.com/CoolCodeTeam/2019_2_CoolCodeMicroServices/messages/usecase/messages_usecase.go:138.2,138.20 1 0
github.com/CoolCodeTeam/2019_2_CoolCodeMicroServices/messages/usecase/messages_usecase.go:120.16,122.3 1 0
github.com/CoolCodeTeam/2019_2_CoolCodeMicroServices/messages/usecase/messages_usecase.go:125.44,127.17 2 0
github.com/CoolCodeTeam/2019_2_CoolCodeMicroServices/messages/usecase/messages_usecase.go:134.3,134.9 1 0
github.com/CoolCodeTeam/2019_2_CoolCodeMicroServices/messages/usecase/messages_usecase.go:127.17,129.10 2 0
github.com/CoolCodeTeam/2019_2_CoolCodeMicroServices/messages/usecase/messages_usecase.go:132.4,132.12 1 0
github.com/CoolCodeTeam/2019_2_CoolCodeMicroServices/messages/usecase/messages_usecase.go:129.10,131.5 1 0
github.com/CoolCodeTeam/2019_2_CoolCodeMicroServices/messages/usecase/messages_usecase.go:134.9,136.4 1 0
github.com/CoolCodeTeam/2019_2_CoolCodeMicroServices/messages/delivery/messages_handlers.go:32.108,39.2 1 0
github.com/CoolCodeTeam/2019_2_CoolCodeMicroServices/messages/delivery/messages_handlers.go:41.83,45.16 3 1
github.com/CoolCodeTeam/2019_2_CoolCodeMicroServices/messages/delivery/messages_handlers.go:48.2,49.16 2 1
github.com/CoolCodeTeam/2019_2_CoolCodeMicroServices/messages/delivery/messages_handlers.go:53.2,54.16 2 1
github.com/CoolCodeTeam/2019_2_CoolCodeMicroServices/messages/delivery/messages_handlers.go:58.2,60.18 3 1
github.com/CoolCodeTeam/2019_2_CoolCodeMicroServices/messages/delivery/messages_handlers.go:65.2,65.16 1 1
github.com/CoolCodeTeam/2019_2_CoolCodeMicroServices/messages/delivery/messages_handlers.go:69.2,73.16 3 1
github.com/CoolCodeTeam/2019_2_CoolCodeMicroServices/messages/delivery/messages_handlers.go:78.2,84.16 4 1
github.com/CoolCodeTeam/2019_2_CoolCodeMicroServices/messages/delivery/messages_handlers.go:87.2,88.16 2 1
github.com/CoolCodeTeam/2019_2_CoolCodeMicroServices/messages/delivery/messages_handlers.go:45.16,47.3 1 1
github.com/CoolCodeTeam/2019_2_CoolCodeMicroServices/messages/delivery/messages_handlers.go:49.16,52.3 2 1
github.com/CoolCodeTeam/2019_2_CoolCodeMicroServices/messages/delivery/messages_handlers.go:54.16,57.3 2 1
github.com/CoolCodeTeam/2019_2_CoolCodeMicroServices/messages/delivery/messages_handlers.go:60.18,62.3 1 0
github.com/CoolCodeTeam/2019_2_CoolCodeMicroServices/messages/delivery/messages_handlers.go:62.8,64.3 1 1
github.com/CoolCodeTeam/2019_2_CoolCodeMicroServices/messages/delivery/messages_handlers.go:65.16,68.3 2 1
github.com/CoolCodeTeam/2019_2_CoolCodeMicroServices/messages/delivery/messages_handlers.go:73.16,75.3 1 0
github.com/CoolCodeTeam/2019_2_CoolCodeMicroServices/messages/delivery/messages_handlers.go:84.16,86.3 1 0
github.com/CoolCodeTeam/2019_2_CoolCodeMicroServices/messages/delivery/messages_handlers.go:88.16,90.3 1 1
github.com/CoolCodeTeam/2019_2_CoolCodeMicroServices/messages/delivery/messages_handlers.go:94.83,96.16 2 1
github.com/CoolCodeTeam/2019_2_CoolCodeMicroServices/messages/delivery/messages_handlers.go:99.2,100.16 2 1
github.com/CoolCodeTeam/2019_2_CoolCodeMicroServices/messages/delivery/messages_handlers.go:104.2,106.16 2 1
github.com/CoolCodeTeam/2019_2_CoolCodeMicroServices/messages/delivery/messages_handlers.go:110.2,112.16 3 1
github.com/CoolCodeTeam/2019_2_CoolCodeMicroServices/messages/delivery/messages_handlers.go:116.2,120.16 4 1
github.com/CoolCodeTeam/2019_2_CoolCodeMicroServices/messages/delivery/messages_handlers.go:127.2,132.16 3 1
github.com/CoolCodeTeam/2019_2_CoolCodeMicroServices/messages/delivery/messages_handlers.go:135.2,136.16 2 1
github.com/CoolCodeTeam/2019_2_CoolCodeMicroServices/messages/delivery/messages_handlers.go:96.16,98.3 1 1
github.com/CoolCodeTeam/2019_2_CoolCodeMicroServices/messages/delivery/messages_handlers.go:100.16,103.3 2 1
github.com/CoolCodeTeam/2019_2_CoolCodeMicroServices/messages/delivery/messages_handlers.go:106.16,109.3 2 1
github.com/CoolCodeTeam/2019_2_CoolCodeMicroServices/messages/delivery/messages_handlers.go:112.16,115.3 2 0
github.com/CoolCodeTeam/2019_2_CoolCodeMicroServices/messages/delivery/messages_handlers.go:120.16,123.3 2 1
github.com/CoolCodeTeam/2019_2_CoolCodeMicroServices/messages/delivery/messages_handlers.go:132.16,134.3 1 0
github.com/CoolCodeTeam/2019_2_CoolCodeMicroServices/messages/delivery/messages_handlers.go:136.16,138.3 1 0
github.com/CoolCodeTeam/2019_2_CoolCodeMicroServices/messages/delivery/messages_handlers.go:141.91,144.16 3 1
github.com/CoolCodeTeam/2019_2_CoolCodeMicroServices/messages/delivery/messages_handlers.go:147.2,148.16 2 1
github.com/CoolCodeTeam/2019_2_CoolCodeMicroServices/messages/delivery/messages_handlers.go:152.2,152.18 1 1
github.com/CoolCodeTeam/2019_2_CoolCodeMicroServices/messages/delivery/messages_handlers.go:157.2,157.16 1 1
github.com/CoolCodeTeam/2019_2_CoolCodeMicroServices/messages/delivery/messages_handlers.go:161.2,162.16 2 1
github.com/CoolCodeTeam/2019_2_CoolCodeMicroServices/messages/delivery/messages_handlers.go:165.2,166.16 2 1
github.com/CoolCodeTeam/2019_2_CoolCodeMicroServices/messages/delivery/messages_handlers.go:144.16,146.3 1 1
github.com/CoolCodeTeam/2019_2_CoolCodeMicroServices/messages/delivery/messages_handlers.go:148.16,151.3 2 1
github.com/CoolCodeTeam/2019_2_CoolCodeMicroServices/messages/delivery/messages_handlers.go:152.18,154.3 1 0
github.com/CoolCodeTeam/2019_2_CoolCodeMicroServices/messages/delivery/messages_handlers.go:154.8,156.3 1 1
github.com/CoolCodeTeam/2019_2_CoolCodeMicroServices/messages/delivery/messages_handlers.go:157.16,160.3 2 1
github.com/CoolCodeTeam/2019_2_CoolCodeMicroServices/messages/delivery/messages_handlers.go:162.16,164.3 1 0
github.com/CoolCodeTeam/2019_2_CoolCodeMicroServices/messages/delivery/messages_handlers.go:166.16,168.3 1 0
github.com/CoolCodeTeam/2019_2_CoolCodeMicroServices/messages/delivery/messages_handlers.go:171.85,173.16 2 0
github.com/CoolCodeTeam/2019_2_CoolCodeMicroServices/messages/delivery/messages_handlers.go:176.2,177.16 2 0
github.com/CoolCodeTeam/2019_2_CoolCodeMicroServices/messages/delivery/messages_handlers.go:182.2,183.16 2 0
github.com/CoolCodeTeam/2019_2_CoolCodeMicroServices/messages/delivery/messages_handlers.go:187.2,188.29 2 0
github.com/CoolCodeTeam/2019_2_CoolCodeMicroServices/messages/delivery/messages_handlers.go:194.2,194.16 1 0
github.com/CoolCodeTeam/2019_2_CoolCodeMicroServices/messages/delivery/messages_handlers.go:198.2,203.16 3 0
github.com/CoolCodeTeam/2019_2_CoolCodeMicroServices/messages/delivery/messages_handlers.go:206.2,207.16 2 0
github.com/CoolCodeTeam/2019_2_CoolCodeMicroServices/messages/delivery/messages_handlers.go:173.16,175.3 1 0
github.com/CoolCodeTeam/2019_2_CoolCodeMicroServices/messages/delivery/messages_handlers.go:177.16,180.3 2 0
github.com/CoolCodeTeam/2019_2_CoolCodeMicroServices/messages/delivery/messages_handlers.go:183.16,185.3 1 0
github.com/CoolCodeTeam/2019_2_CoolCodeMicroServices/messages/delivery/messages_handlers.go:188.29,190.3 1 0
github.com/CoolCodeTeam/2019_2_CoolCodeMicroServices/messages/delivery/messages_handlers.go:190.8,192.3 1 0
github.com/CoolCodeTeam/2019_2_CoolCodeMicroServices/messages/delivery/messages_handlers.go:194.16,196.3 1 0
github.com/CoolCodeTeam/2019_2_CoolCodeMicroServices/messages/delivery/messages_handlers.go:203.16,205.3 1 0
github.com/CoolCodeTeam/2019_2_CoolCodeMicroServices/messages/delivery/messages_handlers.go:207.16,209.3 1 0
github.com/CoolCodeTeam/2019_2_CoolCodeMicroServices/messages/delivery/messages_handlers.go:212.81,219.16 4 1
github.com/CoolCodeTeam/2019_2_CoolCodeMicroServices/messages/delivery/messages_handlers.go:219.16,221.3 1 1
github.com/CoolCodeTeam/2019_2_CoolCodeMicroServices/messages/delivery/messages_handlers.go:221.8,223.3 1 1
github.com/CoolCodeTeam/2019_2_CoolCodeMicroServices/messages/delivery/messages_handlers.go:226.84,228.9 2 0
github.com/CoolCodeTeam/2019_2_CoolCodeMicroServices/messages/delivery/messages_handlers.go:231.2,232.16 2 0
github.com/CoolCodeTeam/2019_2_CoolCodeMicroServices/messages/delivery/messages_handlers.go:236.2,237.16 2 0
github.com/CoolCodeTeam/2019_2_CoolCodeMicroServices/messages/delivery/messages_handlers.go:242.2,243.16 2 0
github.com/CoolCodeTeam/2019_2_CoolCodeMicroServices/messages/delivery/messages_handlers.go:246.2,247.16 2 0
github.com/CoolCodeTeam/2019_2_CoolCodeMicroServices/messages/delivery/messages_handlers.go:228.9,230.3 1 0
github.com/CoolCodeTeam/2019_2_CoolCodeMicroServices/messages/delivery/messages_handlers.go:232.16,235.3 2 0
github.com/CoolCodeTeam/2019_2_CoolCodeMicroServices/messages/delivery/messages_handlers.go:237.16,240.3 2 0
github.com/CoolCodeTeam/2019_2_CoolCodeMicroServices/messages/delivery/messages_handlers.go:243.16,245.3 1 0
github.com/CoolCodeTeam/2019_2_CoolCodeMicroServices/messages/delivery/messages_handlers.go:247.16,249.3 1 0
github.com/CoolCodeTeam/2019_2_CoolCodeMicroServices/messages/delivery/messages_handlers.go:253.61,258.2 4 1
github.com/CoolCodeTeam/2019_2_CoolCodeMicroServices/messages/delivery/messages_handlers.go:260.38,262.2 1 1
