mode: set
github.com/go-park-mail-ru/2019_2_CoolCodeMicroServices/users/delivery/users_handlers.go:27.131,34.2 1 0
github.com/go-park-mail-ru/2019_2_CoolCodeMicroServices/users/delivery/users_handlers.go:36.78,41.16 5 1
github.com/go-park-mail-ru/2019_2_CoolCodeMicroServices/users/delivery/users_handlers.go:47.2,48.16 2 1
github.com/go-park-mail-ru/2019_2_CoolCodeMicroServices/users/delivery/users_handlers.go:41.16,45.3 3 1
github.com/go-park-mail-ru/2019_2_CoolCodeMicroServices/users/delivery/users_handlers.go:48.16,51.3 2 1
github.com/go-park-mail-ru/2019_2_CoolCodeMicroServices/users/delivery/users_handlers.go:54.77,60.16 6 1
github.com/go-park-mail-ru/2019_2_CoolCodeMicroServices/users/delivery/users_handlers.go:66.2,67.16 2 1
github.com/go-park-mail-ru/2019_2_CoolCodeMicroServices/users/delivery/users_handlers.go:60.16,64.3 3 1
github.com/go-park-mail-ru/2019_2_CoolCodeMicroServices/users/delivery/users_handlers.go:67.16,70.3 2 1
github.com/go-park-mail-ru/2019_2_CoolCodeMicroServices/users/delivery/users_handlers.go:70.8,75.17 5 1
github.com/go-park-mail-ru/2019_2_CoolCodeMicroServices/users/delivery/users_handlers.go:79.3,81.17 3 1
github.com/go-park-mail-ru/2019_2_CoolCodeMicroServices/users/delivery/users_handlers.go:85.3,94.17 7 1
github.com/go-park-mail-ru/2019_2_CoolCodeMicroServices/users/delivery/users_handlers.go:98.3,98.9 1 1
github.com/go-park-mail-ru/2019_2_CoolCodeMicroServices/users/delivery/users_handlers.go:75.17,78.4 2 1
github.com/go-park-mail-ru/2019_2_CoolCodeMicroServices/users/delivery/users_handlers.go:81.17,84.4 2 0
github.com/go-park-mail-ru/2019_2_CoolCodeMicroServices/users/delivery/users_handlers.go:94.17,97.4 2 0
github.com/go-park-mail-ru/2019_2_CoolCodeMicroServices/users/delivery/users_handlers.go:103.81,107.16 3 1
github.com/go-park-mail-ru/2019_2_CoolCodeMicroServices/users/delivery/users_handlers.go:111.2,114.16 3 1
github.com/go-park-mail-ru/2019_2_CoolCodeMicroServices/users/delivery/users_handlers.go:118.2,120.16 2 0
github.com/go-park-mail-ru/2019_2_CoolCodeMicroServices/users/delivery/users_handlers.go:126.2,127.16 2 0
github.com/go-park-mail-ru/2019_2_CoolCodeMicroServices/users/delivery/users_handlers.go:131.2,134.41 1 0
github.com/go-park-mail-ru/2019_2_CoolCodeMicroServices/users/delivery/users_handlers.go:107.16,110.3 2 1
github.com/go-park-mail-ru/2019_2_CoolCodeMicroServices/users/delivery/users_handlers.go:114.16,117.3 2 1
github.com/go-park-mail-ru/2019_2_CoolCodeMicroServices/users/delivery/users_handlers.go:120.16,124.3 3 0
github.com/go-park-mail-ru/2019_2_CoolCodeMicroServices/users/delivery/users_handlers.go:127.16,130.3 2 0
github.com/go-park-mail-ru/2019_2_CoolCodeMicroServices/users/delivery/users_handlers.go:138.80,141.16 3 1
github.com/go-park-mail-ru/2019_2_CoolCodeMicroServices/users/delivery/users_handlers.go:145.2,155.16 8 0
github.com/go-park-mail-ru/2019_2_CoolCodeMicroServices/users/delivery/users_handlers.go:160.2,163.39 1 0
github.com/go-park-mail-ru/2019_2_CoolCodeMicroServices/users/delivery/users_handlers.go:141.16,144.3 2 1
github.com/go-park-mail-ru/2019_2_CoolCodeMicroServices/users/delivery/users_handlers.go:155.16,158.3 2 0
github.com/go-park-mail-ru/2019_2_CoolCodeMicroServices/users/delivery/users_handlers.go:167.79,174.15 5 1
github.com/go-park-mail-ru/2019_2_CoolCodeMicroServices/users/delivery/users_handlers.go:179.2,181.16 2 1
github.com/go-park-mail-ru/2019_2_CoolCodeMicroServices/users/delivery/users_handlers.go:185.2,187.16 3 1
github.com/go-park-mail-ru/2019_2_CoolCodeMicroServices/users/delivery/users_handlers.go:192.2,193.16 2 1
github.com/go-park-mail-ru/2019_2_CoolCodeMicroServices/users/delivery/users_handlers.go:174.15,177.3 2 1
github.com/go-park-mail-ru/2019_2_CoolCodeMicroServices/users/delivery/users_handlers.go:181.16,183.3 1 0
github.com/go-park-mail-ru/2019_2_CoolCodeMicroServices/users/delivery/users_handlers.go:187.16,190.3 2 0
github.com/go-park-mail-ru/2019_2_CoolCodeMicroServices/users/delivery/users_handlers.go:193.16,196.3 2 0
github.com/go-park-mail-ru/2019_2_CoolCodeMicroServices/users/delivery/users_handlers.go:199.88,201.16 2 1
github.com/go-park-mail-ru/2019_2_CoolCodeMicroServices/users/delivery/users_handlers.go:206.2,207.16 2 1
github.com/go-park-mail-ru/2019_2_CoolCodeMicroServices/users/delivery/users_handlers.go:212.2,213.16 2 1
github.com/go-park-mail-ru/2019_2_CoolCodeMicroServices/users/delivery/users_handlers.go:218.2,219.16 2 1
github.com/go-park-mail-ru/2019_2_CoolCodeMicroServices/users/delivery/users_handlers.go:201.16,204.3 2 0
github.com/go-park-mail-ru/2019_2_CoolCodeMicroServices/users/delivery/users_handlers.go:207.16,210.3 2 1
github.com/go-park-mail-ru/2019_2_CoolCodeMicroServices/users/delivery/users_handlers.go:213.16,216.3 2 0
github.com/go-park-mail-ru/2019_2_CoolCodeMicroServices/users/delivery/users_handlers.go:219.16,222.3 2 0
github.com/go-park-mail-ru/2019_2_CoolCodeMicroServices/users/delivery/users_handlers.go:226.83,232.16 4 1
github.com/go-park-mail-ru/2019_2_CoolCodeMicroServices/users/delivery/users_handlers.go:237.2,237.36 1 1
github.com/go-park-mail-ru/2019_2_CoolCodeMicroServices/users/delivery/users_handlers.go:244.2,247.16 4 1
github.com/go-park-mail-ru/2019_2_CoolCodeMicroServices/users/delivery/users_handlers.go:252.2,252.28 1 1
github.com/go-park-mail-ru/2019_2_CoolCodeMicroServices/users/delivery/users_handlers.go:259.2,261.16 2 1
github.com/go-park-mail-ru/2019_2_CoolCodeMicroServices/users/delivery/users_handlers.go:232.16,235.3 2 1
github.com/go-park-mail-ru/2019_2_CoolCodeMicroServices/users/delivery/users_handlers.go:237.36,242.3 3 1
github.com/go-park-mail-ru/2019_2_CoolCodeMicroServices/users/delivery/users_handlers.go:247.16,251.3 3 1
github.com/go-park-mail-ru/2019_2_CoolCodeMicroServices/users/delivery/users_handlers.go:252.28,257.3 3 1
github.com/go-park-mail-ru/2019_2_CoolCodeMicroServices/users/delivery/users_handlers.go:261.16,263.3 1 1
github.com/go-park-mail-ru/2019_2_CoolCodeMicroServices/users/delivery/users_handlers.go:266.78,269.16 3 1
github.com/go-park-mail-ru/2019_2_CoolCodeMicroServices/users/delivery/users_handlers.go:274.2,275.28 2 1
github.com/go-park-mail-ru/2019_2_CoolCodeMicroServices/users/delivery/users_handlers.go:269.16,273.3 1 1
github.com/go-park-mail-ru/2019_2_CoolCodeMicroServices/users/delivery/users_handlers.go:278.85,280.16 2 1
github.com/go-park-mail-ru/2019_2_CoolCodeMicroServices/users/delivery/users_handlers.go:283.2,284.16 2 1
github.com/go-park-mail-ru/2019_2_CoolCodeMicroServices/users/delivery/users_handlers.go:280.16,282.3 1 1
github.com/go-park-mail-ru/2019_2_CoolCodeMicroServices/users/delivery/users_handlers.go:284.16,286.3 1 1
github.com/go-park-mail-ru/2019_2_CoolCodeMicroServices/users/delivery/users_handlers.go:286.8,288.3 1 1
github.com/go-park-mail-ru/2019_2_CoolCodeMicroServices/users/delivery/users_handlers.go:291.81,296.16 4 1
github.com/go-park-mail-ru/2019_2_CoolCodeMicroServices/users/delivery/users_handlers.go:300.2,300.16 1 1
github.com/go-park-mail-ru/2019_2_CoolCodeMicroServices/users/delivery/users_handlers.go:304.2,305.16 2 1
github.com/go-park-mail-ru/2019_2_CoolCodeMicroServices/users/delivery/users_handlers.go:308.2,309.19 2 1
github.com/go-park-mail-ru/2019_2_CoolCodeMicroServices/users/delivery/users_handlers.go:296.16,299.3 2 1
github.com/go-park-mail-ru/2019_2_CoolCodeMicroServices/users/delivery/users_handlers.go:300.16,302.3 1 1
github.com/go-park-mail-ru/2019_2_CoolCodeMicroServices/users/delivery/users_handlers.go:305.16,307.3 1 1
github.com/go-park-mail-ru/2019_2_CoolCodeMicroServices/users/repository/photos_array_repository.go:14.93,15.15 1 0
github.com/go-park-mail-ru/2019_2_CoolCodeMicroServices/users/repository/photos_array_repository.go:23.2,24.16 2 0
github.com/go-park-mail-ru/2019_2_CoolCodeMicroServices/users/repository/photos_array_repository.go:28.2,28.15 1 0
github.com/go-park-mail-ru/2019_2_CoolCodeMicroServices/users/repository/photos_array_repository.go:36.2,37.16 2 0
github.com/go-park-mail-ru/2019_2_CoolCodeMicroServices/users/repository/photos_array_repository.go:40.2,42.16 2 0
github.com/go-park-mail-ru/2019_2_CoolCodeMicroServices/users/repository/photos_array_repository.go:46.2,47.16 2 0
github.com/go-park-mail-ru/2019_2_CoolCodeMicroServices/users/repository/photos_array_repository.go:51.2,51.12 1 0
github.com/go-park-mail-ru/2019_2_CoolCodeMicroServices/users/repository/photos_array_repository.go:15.15,18.37 2 0
github.com/go-park-mail-ru/2019_2_CoolCodeMicroServices/users/repository/photos_array_repository.go:18.37,20.4 1 0
github.com/go-park-mail-ru/2019_2_CoolCodeMicroServices/users/repository/photos_array_repository.go:24.16,26.3 1 0
github.com/go-park-mail-ru/2019_2_CoolCodeMicroServices/users/repository/photos_array_repository.go:28.15,31.37 2 0
github.com/go-park-mail-ru/2019_2_CoolCodeMicroServices/users/repository/photos_array_repository.go:31.37,33.4 1 0
github.com/go-park-mail-ru/2019_2_CoolCodeMicroServices/users/repository/photos_array_repository.go:37.16,39.3 1 0
github.com/go-park-mail-ru/2019_2_CoolCodeMicroServices/users/repository/photos_array_repository.go:42.16,44.3 1 0
github.com/go-park-mail-ru/2019_2_CoolCodeMicroServices/users/repository/photos_array_repository.go:47.16,49.3 1 0
github.com/go-park-mail-ru/2019_2_CoolCodeMicroServices/users/repository/photos_array_repository.go:54.68,58.16 3 0
github.com/go-park-mail-ru/2019_2_CoolCodeMicroServices/users/repository/photos_array_repository.go:62.2,62.18 1 0
github.com/go-park-mail-ru/2019_2_CoolCodeMicroServices/users/repository/photos_array_repository.go:58.16,61.3 2 0
github.com/go-park-mail-ru/2019_2_CoolCodeMicroServices/users/repository/photos_array_repository.go:65.60,67.2 1 0
github.com/go-park-mail-ru/2019_2_CoolCodeMicroServices/users/repository/user_db_repository.go:13.75,22.16 8 1
github.com/go-park-mail-ru/2019_2_CoolCodeMicroServices/users/repository/user_db_repository.go:26.2,26.16 1 1
github.com/go-park-mail-ru/2019_2_CoolCodeMicroServices/users/repository/user_db_repository.go:29.2,29.18 1 1
github.com/go-park-mail-ru/2019_2_CoolCodeMicroServices/users/repository/user_db_repository.go:32.2,32.17 1 1
github.com/go-park-mail-ru/2019_2_CoolCodeMicroServices/users/repository/user_db_repository.go:35.2,35.19 1 1
github.com/go-park-mail-ru/2019_2_CoolCodeMicroServices/users/repository/user_db_repository.go:22.16,24.3 1 1
github.com/go-park-mail-ru/2019_2_CoolCodeMicroServices/users/repository/user_db_repository.go:26.16,28.3 1 1
github.com/go-park-mail-ru/2019_2_CoolCodeMicroServices/users/repository/user_db_repository.go:29.18,31.3 1 1
github.com/go-park-mail-ru/2019_2_CoolCodeMicroServices/users/repository/user_db_repository.go:32.17,34.3 1 1
github.com/go-park-mail-ru/2019_2_CoolCodeMicroServices/users/repository/user_db_repository.go:38.81,48.16 8 1
github.com/go-park-mail-ru/2019_2_CoolCodeMicroServices/users/repository/user_db_repository.go:52.2,52.16 1 1
github.com/go-park-mail-ru/2019_2_CoolCodeMicroServices/users/repository/user_db_repository.go:55.2,55.18 1 1
github.com/go-park-mail-ru/2019_2_CoolCodeMicroServices/users/repository/user_db_repository.go:58.2,58.17 1 1
github.com/go-park-mail-ru/2019_2_CoolCodeMicroServices/users/repository/user_db_repository.go:61.2,61.19 1 1
github.com/go-park-mail-ru/2019_2_CoolCodeMicroServices/users/repository/user_db_repository.go:48.16,50.3 1 1
github.com/go-park-mail-ru/2019_2_CoolCodeMicroServices/users/repository/user_db_repository.go:52.16,54.3 1 1
github.com/go-park-mail-ru/2019_2_CoolCodeMicroServices/users/repository/user_db_repository.go:55.18,57.3 1 1
github.com/go-park-mail-ru/2019_2_CoolCodeMicroServices/users/repository/user_db_repository.go:58.17,60.3 1 1
github.com/go-park-mail-ru/2019_2_CoolCodeMicroServices/users/repository/user_db_repository.go:64.77,72.16 5 1
github.com/go-park-mail-ru/2019_2_CoolCodeMicroServices/users/repository/user_db_repository.go:76.2,76.16 1 1
github.com/go-park-mail-ru/2019_2_CoolCodeMicroServices/users/repository/user_db_repository.go:72.16,74.3 1 1
github.com/go-park-mail-ru/2019_2_CoolCodeMicroServices/users/repository/user_db_repository.go:79.78,85.16 2 1
github.com/go-park-mail-ru/2019_2_CoolCodeMicroServices/users/repository/user_db_repository.go:88.2,88.12 1 1
github.com/go-park-mail-ru/2019_2_CoolCodeMicroServices/users/repository/user_db_repository.go:85.16,87.3 1 1
github.com/go-park-mail-ru/2019_2_CoolCodeMicroServices/users/repository/user_db_repository.go:91.63,97.16 5 1
github.com/go-park-mail-ru/2019_2_CoolCodeMicroServices/users/repository/user_db_repository.go:100.2,100.13 1 1
github.com/go-park-mail-ru/2019_2_CoolCodeMicroServices/users/repository/user_db_repository.go:97.16,99.3 1 1
github.com/go-park-mail-ru/2019_2_CoolCodeMicroServices/users/repository/user_db_repository.go:103.64,109.16 6 1
github.com/go-park-mail-ru/2019_2_CoolCodeMicroServices/users/repository/user_db_repository.go:112.2,112.18 1 1
github.com/go-park-mail-ru/2019_2_CoolCodeMicroServices/users/repository/user_db_repository.go:129.2,131.23 2 1
github.com/go-park-mail-ru/2019_2_CoolCodeMicroServices/users/repository/user_db_repository.go:109.16,111.3 1 1
github.com/go-park-mail-ru/2019_2_CoolCodeMicroServices/users/repository/user_db_repository.go:112.18,115.17 3 1
github.com/go-park-mail-ru/2019_2_CoolCodeMicroServices/users/repository/user_db_repository.go:118.3,118.17 1 1
github.com/go-park-mail-ru/2019_2_CoolCodeMicroServices/users/repository/user_db_repository.go:121.3,121.19 1 1
github.com/go-park-mail-ru/2019_2_CoolCodeMicroServices/users/repository/user_db_repository.go:124.3,124.18 1 1
github.com/go-park-mail-ru/2019_2_CoolCodeMicroServices/users/repository/user_db_repository.go:127.3,127.50 1 1
github.com/go-park-mail-ru/2019_2_CoolCodeMicroServices/users/repository/user_db_repository.go:115.17,117.4 1 1
github.com/go-park-mail-ru/2019_2_CoolCodeMicroServices/users/repository/user_db_repository.go:118.17,120.4 1 1
github.com/go-park-mail-ru/2019_2_CoolCodeMicroServices/users/repository/user_db_repository.go:121.19,123.4 1 1
github.com/go-park-mail-ru/2019_2_CoolCodeMicroServices/users/repository/user_db_repository.go:124.18,126.4 1 1
github.com/go-park-mail-ru/2019_2_CoolCodeMicroServices/users/repository/user_db_repository.go:134.42,138.2 1 1
github.com/go-park-mail-ru/2019_2_CoolCodeMicroServices/users/repository/sessions_redis_repository.go:13.73,17.16 4 0
github.com/go-park-mail-ru/2019_2_CoolCodeMicroServices/users/repository/sessions_redis_repository.go:20.2,20.18 1 0
github.com/go-park-mail-ru/2019_2_CoolCodeMicroServices/users/repository/sessions_redis_repository.go:17.16,19.3 1 0
github.com/go-park-mail-ru/2019_2_CoolCodeMicroServices/users/repository/sessions_redis_repository.go:23.65,24.23 1 0
github.com/go-park-mail-ru/2019_2_CoolCodeMicroServices/users/repository/sessions_redis_repository.go:27.72,31.16 4 0
github.com/go-park-mail-ru/2019_2_CoolCodeMicroServices/users/repository/sessions_redis_repository.go:34.2,34.12 1 0
github.com/go-park-mail-ru/2019_2_CoolCodeMicroServices/users/repository/sessions_redis_repository.go:31.16,33.3 1 0
github.com/go-park-mail-ru/2019_2_CoolCodeMicroServices/users/repository/sessions_redis_repository.go:37.64,41.16 4 0
github.com/go-park-mail-ru/2019_2_CoolCodeMicroServices/users/repository/sessions_redis_repository.go:44.2,44.12 1 0
github.com/go-park-mail-ru/2019_2_CoolCodeMicroServices/users/repository/sessions_redis_repository.go:41.16,43.3 1 0
github.com/go-park-mail-ru/2019_2_CoolCodeMicroServices/users/repository/sessions_redis_repository.go:47.68,49.2 1 0
github.com/go-park-mail-ru/2019_2_CoolCodeMicroServices/users/usecase/users_ucase.go:28.72,32.2 2 0
github.com/go-park-mail-ru/2019_2_CoolCodeMicroServices/users/usecase/users_ucase.go:34.74,36.16 2 1
github.com/go-park-mail-ru/2019_2_CoolCodeMicroServices/users/usecase/users_ucase.go:41.2,41.57 1 1
github.com/go-park-mail-ru/2019_2_CoolCodeMicroServices/users/usecase/users_ucase.go:36.16,39.3 2 1
github.com/go-park-mail-ru/2019_2_CoolCodeMicroServices/users/usecase/users_ucase.go:41.57,43.3 1 1
github.com/go-park-mail-ru/2019_2_CoolCodeMicroServices/users/usecase/users_ucase.go:43.8,46.3 2 1
github.com/go-park-mail-ru/2019_2_CoolCodeMicroServices/users/usecase/users_ucase.go:50.98,55.2 1 0
github.com/go-park-mail-ru/2019_2_CoolCodeMicroServices/users/usecase/users_ucase.go:57.68,59.16 2 1
github.com/go-park-mail-ru/2019_2_CoolCodeMicroServices/users/usecase/users_ucase.go:62.2,62.20 1 1
github.com/go-park-mail-ru/2019_2_CoolCodeMicroServices/users/usecase/users_ucase.go:65.2,65.18 1 1
github.com/go-park-mail-ru/2019_2_CoolCodeMicroServices/users/usecase/users_ucase.go:59.16,61.3 1 1
github.com/go-park-mail-ru/2019_2_CoolCodeMicroServices/users/usecase/users_ucase.go:62.20,64.3 1 1
github.com/go-park-mail-ru/2019_2_CoolCodeMicroServices/users/usecase/users_ucase.go:68.74,70.2 1 1
github.com/go-park-mail-ru/2019_2_CoolCodeMicroServices/users/usecase/users_ucase.go:72.59,73.37 1 1
github.com/go-park-mail-ru/2019_2_CoolCodeMicroServices/users/usecase/users_ucase.go:85.2,85.12 1 1
github.com/go-park-mail-ru/2019_2_CoolCodeMicroServices/users/usecase/users_ucase.go:73.37,75.3 1 1
github.com/go-park-mail-ru/2019_2_CoolCodeMicroServices/users/usecase/users_ucase.go:75.8,76.25 1 1
github.com/go-park-mail-ru/2019_2_CoolCodeMicroServices/users/usecase/users_ucase.go:79.3,81.17 3 1
github.com/go-park-mail-ru/2019_2_CoolCodeMicroServices/users/usecase/users_ucase.go:76.25,78.4 1 1
github.com/go-park-mail-ru/2019_2_CoolCodeMicroServices/users/usecase/users_ucase.go:81.17,83.4 1 1
github.com/go-park-mail-ru/2019_2_CoolCodeMicroServices/users/usecase/users_ucase.go:88.60,89.35 1 1
github.com/go-park-mail-ru/2019_2_CoolCodeMicroServices/users/usecase/users_ucase.go:108.2,108.12 1 1
github.com/go-park-mail-ru/2019_2_CoolCodeMicroServices/users/usecase/users_ucase.go:89.35,91.3 1 1
github.com/go-park-mail-ru/2019_2_CoolCodeMicroServices/users/usecase/users_ucase.go:91.8,93.17 2 1
github.com/go-park-mail-ru/2019_2_CoolCodeMicroServices/users/usecase/users_ucase.go:96.3,96.46 1 1
github.com/go-park-mail-ru/2019_2_CoolCodeMicroServices/users/usecase/users_ucase.go:100.3,100.26 1 1
github.com/go-park-mail-ru/2019_2_CoolCodeMicroServices/users/usecase/users_ucase.go:103.3,104.17 2 1
github.com/go-park-mail-ru/2019_2_CoolCodeMicroServices/users/usecase/users_ucase.go:93.17,95.4 1 1
github.com/go-park-mail-ru/2019_2_CoolCodeMicroServices/users/usecase/users_ucase.go:96.46,98.4 1 1
github.com/go-park-mail-ru/2019_2_CoolCodeMicroServices/users/usecase/users_ucase.go:100.26,102.4 1 1
github.com/go-park-mail-ru/2019_2_CoolCodeMicroServices/users/usecase/users_ucase.go:104.17,106.4 1 1
github.com/go-park-mail-ru/2019_2_CoolCodeMicroServices/users/usecase/users_ucase.go:111.73,114.16 3 1
github.com/go-park-mail-ru/2019_2_CoolCodeMicroServices/users/usecase/users_ucase.go:117.2,117.39 1 1
github.com/go-park-mail-ru/2019_2_CoolCodeMicroServices/users/usecase/users_ucase.go:123.2,123.20 1 1
github.com/go-park-mail-ru/2019_2_CoolCodeMicroServices/users/usecase/users_ucase.go:114.16,116.3 1 1
github.com/go-park-mail-ru/2019_2_CoolCodeMicroServices/users/usecase/users_ucase.go:117.39,118.49 1 0
github.com/go-park-mail-ru/2019_2_CoolCodeMicroServices/users/usecase/users_ucase.go:118.49,121.4 2 0
github.com/go-park-mail-ru/2019_2_CoolCodeMicroServices/users/usecase/users_ucase.go:126.53,128.2 1 1
github.com/go-park-mail-ru/2019_2_CoolCodeMicroServices/users/usecase/users_ucase.go:130.73,133.16 3 1
github.com/go-park-mail-ru/2019_2_CoolCodeMicroServices/users/usecase/users_ucase.go:137.2,137.13 1 1
github.com/go-park-mail-ru/2019_2_CoolCodeMicroServices/users/usecase/users_ucase.go:133.16,135.3 1 1
github.com/go-park-mail-ru/2019_2_CoolCodeMicroServices/users/usecase/users_ucase.go:140.37,142.16 2 1
github.com/go-park-mail-ru/2019_2_CoolCodeMicroServices/users/usecase/users_ucase.go:145.2,145.21 1 1
github.com/go-park-mail-ru/2019_2_CoolCodeMicroServices/users/usecase/users_ucase.go:142.16,144.3 1 0
